{"C:\\Users\\Premal Kadam\\Documents\\Learnings\\TDD\\TDD_Javascript_Jest\\TDD_Example\\game-of-life\\game.js": {"path":"C:\\Users\\Premal Kadam\\Documents\\Learnings\\TDD\\TDD_Javascript_Jest\\TDD_Example\\game-of-life\\game.js","statementMap":{"0":{"start":{"line":1,"column":20},"end":{"line":3,"column":1}},"1":{"start":{"line":6,"column":2},"end":{"line":6,"column":94}},"2":{"start":{"line":10,"column":2},"end":{"line":10,"column":42}},"3":{"start":{"line":14,"column":2},"end":{"line":14,"column":82}},"4":{"start":{"line":14,"column":36},"end":{"line":14,"column":80}},"5":{"start":{"line":17,"column":12},"end":{"line":17,"column":79}},"6":{"start":{"line":17,"column":25},"end":{"line":17,"column":79}},"7":{"start":{"line":17,"column":55},"end":{"line":17,"column":75}},"8":{"start":{"line":19,"column":25},"end":{"line":22,"column":8}},"9":{"start":{"line":20,"column":2},"end":{"line":22,"column":8}},"10":{"start":{"line":24,"column":26},"end":{"line":27,"column":8}},"11":{"start":{"line":25,"column":2},"end":{"line":27,"column":8}},"12":{"start":{"line":29,"column":31},"end":{"line":37,"column":1}},"13":{"start":{"line":30,"column":16},"end":{"line":30,"column":39}},"14":{"start":{"line":31,"column":2},"end":{"line":36,"column":4}},"15":{"start":{"line":40,"column":15},"end":{"line":40,"column":46}},"16":{"start":{"line":41,"column":20},"end":{"line":41,"column":46}},"17":{"start":{"line":43,"column":16},"end":{"line":43,"column":39}},"18":{"start":{"line":44,"column":2},"end":{"line":51,"column":5}},"19":{"start":{"line":45,"column":4},"end":{"line":48,"column":5}},"20":{"start":{"line":46,"column":6},"end":{"line":46,"column":33}},"21":{"start":{"line":47,"column":6},"end":{"line":47,"column":33}},"22":{"start":{"line":49,"column":20},"end":{"line":49,"column":67}},"23":{"start":{"line":50,"column":4},"end":{"line":50,"column":29}},"24":{"start":{"line":52,"column":2},"end":{"line":52,"column":30}},"25":{"start":{"line":55,"column":22},"end":{"line":59,"column":1}},"26":{"start":{"line":56,"column":18},"end":{"line":56,"column":47}},"27":{"start":{"line":57,"column":2},"end":{"line":57,"column":32}},"28":{"start":{"line":58,"column":2},"end":{"line":58,"column":17}}},"fnMap":{"0":{"name":"isAlive","decl":{"start":{"line":5,"column":16},"end":{"line":5,"column":23}},"loc":{"start":{"line":5,"column":42},"end":{"line":7,"column":1}},"line":5},"1":{"name":"generate","decl":{"start":{"line":9,"column":16},"end":{"line":9,"column":24}},"loc":{"start":{"line":9,"column":32},"end":{"line":11,"column":1}},"line":9},"2":{"name":"regenerate","decl":{"start":{"line":13,"column":16},"end":{"line":13,"column":26}},"loc":{"start":{"line":13,"column":34},"end":{"line":15,"column":1}},"line":13},"3":{"name":"(anonymous_3)","decl":{"start":{"line":14,"column":19},"end":{"line":14,"column":20}},"loc":{"start":{"line":14,"column":36},"end":{"line":14,"column":80}},"line":14},"4":{"name":"(anonymous_4)","decl":{"start":{"line":17,"column":12},"end":{"line":17,"column":13}},"loc":{"start":{"line":17,"column":25},"end":{"line":17,"column":79}},"line":17},"5":{"name":"(anonymous_5)","decl":{"start":{"line":17,"column":37},"end":{"line":17,"column":38}},"loc":{"start":{"line":17,"column":55},"end":{"line":17,"column":75}},"line":17},"6":{"name":"(anonymous_6)","decl":{"start":{"line":19,"column":25},"end":{"line":19,"column":26}},"loc":{"start":{"line":20,"column":2},"end":{"line":22,"column":8}},"line":20},"7":{"name":"(anonymous_7)","decl":{"start":{"line":24,"column":26},"end":{"line":24,"column":27}},"loc":{"start":{"line":25,"column":2},"end":{"line":27,"column":8}},"line":25},"8":{"name":"(anonymous_8)","decl":{"start":{"line":29,"column":31},"end":{"line":29,"column":32}},"loc":{"start":{"line":29,"column":49},"end":{"line":37,"column":1}},"line":29},"9":{"name":"drawGrid","decl":{"start":{"line":39,"column":16},"end":{"line":39,"column":24}},"loc":{"start":{"line":39,"column":32},"end":{"line":53,"column":1}},"line":39},"10":{"name":"(anonymous_10)","decl":{"start":{"line":44,"column":16},"end":{"line":44,"column":17}},"loc":{"start":{"line":44,"column":33},"end":{"line":51,"column":3}},"line":44},"11":{"name":"(anonymous_11)","decl":{"start":{"line":55,"column":22},"end":{"line":55,"column":23}},"loc":{"start":{"line":55,"column":35},"end":{"line":59,"column":1}},"line":55}},"branchMap":{"0":{"loc":{"start":{"line":6,"column":9},"end":{"line":6,"column":93}},"type":"cond-expr","locations":[{"start":{"line":6,"column":88},"end":{"line":6,"column":89}},{"start":{"line":6,"column":92},"end":{"line":6,"column":93}}],"line":6},"1":{"loc":{"start":{"line":6,"column":9},"end":{"line":6,"column":84}},"type":"binary-expr","locations":[{"start":{"line":6,"column":10},"end":{"line":6,"column":24}},{"start":{"line":6,"column":28},"end":{"line":6,"column":44}},{"start":{"line":6,"column":50},"end":{"line":6,"column":63}},{"start":{"line":6,"column":67},"end":{"line":6,"column":83}}],"line":6},"2":{"loc":{"start":{"line":17,"column":62},"end":{"line":17,"column":74}},"type":"binary-expr","locations":[{"start":{"line":17,"column":62},"end":{"line":17,"column":69}},{"start":{"line":17,"column":73},"end":{"line":17,"column":74}}],"line":17},"3":{"loc":{"start":{"line":20,"column":2},"end":{"line":22,"column":8}},"type":"cond-expr","locations":[{"start":{"line":21,"column":6},"end":{"line":21,"column":76}},{"start":{"line":22,"column":6},"end":{"line":22,"column":8}}],"line":20},"4":{"loc":{"start":{"line":25,"column":2},"end":{"line":27,"column":8}},"type":"cond-expr","locations":[{"start":{"line":26,"column":6},"end":{"line":26,"column":76}},{"start":{"line":27,"column":6},"end":{"line":27,"column":8}}],"line":25},"5":{"loc":{"start":{"line":45,"column":4},"end":{"line":48,"column":5}},"type":"if","locations":[{"start":{"line":45,"column":4},"end":{"line":48,"column":5}},{"start":{},"end":{}}],"line":45},"6":{"loc":{"start":{"line":49,"column":42},"end":{"line":49,"column":64}},"type":"cond-expr","locations":[{"start":{"line":49,"column":49},"end":{"line":49,"column":55}},{"start":{"line":49,"column":58},"end":{"line":49,"column":64}}],"line":49}},"s":{"0":1,"1":13,"2":5,"3":3,"4":9,"5":1,"6":15,"7":72,"8":1,"9":15,"10":1,"11":15,"12":1,"13":15,"14":15,"15":3,"16":3,"17":3,"18":3,"19":6,"20":4,"21":4,"22":6,"23":6,"24":3,"25":1,"26":13,"27":13,"28":13},"f":{"0":13,"1":5,"2":3,"3":9,"4":15,"5":72,"6":15,"7":15,"8":15,"9":3,"10":6,"11":13},"b":{"0":[6,7],"1":[13,7,11,6],"2":[72,48],"3":[7,8],"4":[7,8],"5":[4,2],"6":[3,3]},"_coverageSchema":"1a1c01bbd47fc00a2c39e90264f33305004495a9","hash":"a52dd332926b1a1c676b06ff9d4206b3d5d56ca7"}
}
