TN:
SF:game.js
FN:5,isAlive
FN:9,generate
FN:13,regenerate
FN:14,(anonymous_3)
FN:17,(anonymous_4)
FN:17,(anonymous_5)
FN:19,(anonymous_6)
FN:24,(anonymous_7)
FN:29,(anonymous_8)
FN:39,drawGrid
FN:44,(anonymous_10)
FN:55,(anonymous_11)
FNF:12
FNH:12
FNDA:13,isAlive
FNDA:5,generate
FNDA:3,regenerate
FNDA:9,(anonymous_3)
FNDA:15,(anonymous_4)
FNDA:72,(anonymous_5)
FNDA:15,(anonymous_6)
FNDA:15,(anonymous_7)
FNDA:15,(anonymous_8)
FNDA:3,drawGrid
FNDA:6,(anonymous_10)
FNDA:13,(anonymous_11)
DA:1,1
DA:6,13
DA:10,5
DA:14,9
DA:17,72
DA:19,1
DA:20,15
DA:24,1
DA:25,15
DA:29,1
DA:30,15
DA:31,15
DA:40,3
DA:41,3
DA:43,3
DA:44,3
DA:45,6
DA:46,4
DA:47,4
DA:49,6
DA:50,6
DA:52,3
DA:55,1
DA:56,13
DA:57,13
DA:58,13
LF:26
LH:26
BRDA:6,0,0,6
BRDA:6,0,1,7
BRDA:6,1,0,13
BRDA:6,1,1,7
BRDA:6,1,2,11
BRDA:6,1,3,6
BRDA:17,2,0,72
BRDA:17,2,1,48
BRDA:20,3,0,7
BRDA:20,3,1,8
BRDA:25,4,0,7
BRDA:25,4,1,8
BRDA:45,5,0,4
BRDA:45,5,1,2
BRDA:49,6,0,3
BRDA:49,6,1,3
BRF:16
BRH:16
end_of_record
