{"C:\\Users\\Premal Kadam\\Documents\\Learnings\\TDD\\TDD_Javascript_Jest\\TDD_Example\\example\\example.js": {"path":"C:\\Users\\Premal Kadam\\Documents\\Learnings\\TDD\\TDD_Javascript_Jest\\TDD_Example\\example\\example.js","statementMap":{"0":{"start":{"line":1,"column":23},"end":{"line":3,"column":1}},"1":{"start":{"line":2,"column":21},"end":{"line":2,"column":39}}},"fnMap":{"0":{"name":"(anonymous_0)","decl":{"start":{"line":2,"column":12},"end":{"line":2,"column":13}},"loc":{"start":{"line":2,"column":21},"end":{"line":2,"column":39}},"line":2}},"branchMap":{},"s":{"0":1,"1":1},"f":{"0":1},"b":{},"_coverageSchema":"1a1c01bbd47fc00a2c39e90264f33305004495a9","hash":"c765d8d87d573237a22b9e870316eac328aa5fe7"}
}
